src\GetTCTraces.hs:(12,8)-(43,25)
src\GetTCTraces.hs:20:16-24
src\GetTCTraces.hs:21:16-24
src\GetTCTraces.hs:32:14-36
src\GetTCTraces.hs:29:14-31
src\Infra\Shahlaa.hs:44:5-25
src\Infra\Shahlaa.hs:78:34-66
src\Infra\Shahlaa.hs:70:14-71
src\GetTCTraces.hs:28:20-105
src\Domain\Parser.hs:31:5-10
src\GetTCTraces.hs:27:23-36
src\Domain\Parser.hs:(33,20)-(35,36)
src\Domain\Parser.hs:35:14-36
src\Domain\Parser.hs:(33,20)-(35,36)
src\Domain\Parser.hs:35:14-36
src\Domain\Parser.hs:(33,20)-(35,36)
src\Domain\Parser.hs:35:14-36
src\Domain\Parser.hs:(33,20)-(35,36)
src\Domain\Parser.hs:35:14-36
src\Domain\Parser.hs:(33,20)-(35,36)
src\Domain\Parser.hs:35:14-36
src\Domain\Parser.hs:(33,20)-(35,36)
src\Domain\Parser.hs:35:14-36
src\Domain\Parser.hs:(33,20)-(35,36)
src\Domain\Parser.hs:35:14-36
src\Domain\Parser.hs:(33,20)-(35,36)
src\Domain\Parser.hs:35:14-36
src\Domain\Parser.hs:(33,20)-(35,36)
src\Domain\Parser.hs:35:14-36
src\Domain\Parser.hs:(33,20)-(35,36)
src\Domain\Parser.hs:35:14-36
src\Domain\Parser.hs:(33,20)-(35,36)
src\Domain\Parser.hs:35:14-36
src\Domain\Parser.hs:(33,20)-(35,36)
src\Domain\Parser.hs:35:14-36
src\Domain\Parser.hs:(33,20)-(35,36)
src\Domain\Parser.hs:35:14-36
src\Domain\Parser.hs:(33,20)-(35,36)
src\Domain\Parser.hs:35:14-36
src\Domain\Parser.hs:(33,20)-(35,36)
src\Domain\Parser.hs:35:14-36
src\Domain\Parser.hs:(33,20)-(35,36)
src\Domain\Parser.hs:35:14-36
src\Domain\Parser.hs:(33,20)-(35,36)
src\Domain\Parser.hs:35:14-36
src\Domain\Parser.hs:(33,20)-(35,36)
src\Domain\Parser.hs:35:14-36
src\Domain\Parser.hs:(33,20)-(35,36)
src\Domain\Parser.hs:35:14-36
src\Domain\Parser.hs:(33,20)-(35,36)
src\Domain\Parser.hs:35:14-36
src\Domain\Parser.hs:(33,20)-(35,36)
src\Domain\Parser.hs:35:14-36
src\Domain\Parser.hs:(33,20)-(35,36)
src\Domain\Parser.hs:34:14-36
src\Domain\Parser.hs:(33,20)-(35,36)
src\Domain\Parser.hs:34:14-36
src\Domain\Parser.hs:(33,20)-(35,36)
src\Domain\Parser.hs:34:14-36
src\Domain\Parser.hs:(33,20)-(35,36)
src\Domain\Parser.hs:34:14-36
src\Domain\Parser.hs:(33,20)-(35,36)
src\Domain\Parser.hs:34:14-36
src\Domain\Parser.hs:(33,20)-(35,36)
src\Domain\Parser.hs:34:14-36
src\Domain\Parser.hs:(33,20)-(35,36)
src\Domain\Parser.hs:34:14-36
src\Domain\Parser.hs:(33,20)-(35,36)
src\Domain\Parser.hs:34:14-36
src\Domain\Parser.hs:36:20-21
src\Domain\Parser.hs:21:30-50
src\Domain\Parser.hs:92:5-22
src\Domain\Printer.hs:44:5-37
src\Domain\Parser.hs:94:12-36
src\Domain\Parser.hs:22:29-48
src\Domain\Parser.hs:99:5-20
src\Domain\Printer.hs:47:5-35
src\Domain\Parser.hs:101:11-38
src\Domain\Parser.hs:16:36-62
src\Domain\Parser.hs:57:5-26
src\Domain\Printer.hs:29:5-41
src\Domain\Parser.hs:59:10-34
src\Domain\Parser.hs:18:47-84
src\Domain\Parser.hs:71:5-37
src\Domain\Printer.hs:35:5-52
src\Domain\Parser.hs:73:10-34
src\Domain\Parser.hs:19:47-84
src\Domain\Parser.hs:78:5-37
src\Domain\Printer.hs:38:5-52
src\Domain\Parser.hs:80:10-34
src\Domain\Parser.hs:17:33-56
src\Domain\Parser.hs:64:5-23
src\Domain\Printer.hs:32:5-38
src\Domain\Parser.hs:66:10-37
src\Domain\Parser.hs:20:41-72
src\Domain\Parser.hs:85:5-31
src\Domain\Printer.hs:41:5-46
src\Domain\Parser.hs:87:10-34
src\Domain\Parser.hs:14:28-46
src\Domain\Parser.hs:41:5-31
src\Domain\Printer.hs:23:5-38
src\Domain\Parser.hs:43:16-43
src\Domain\Parser.hs:44:14-36
src\Domain\Parser.hs:14:28-46
src\Domain\Parser.hs:41:5-31
src\Domain\Printer.hs:23:5-38
src\Domain\Parser.hs:43:16-43
src\Domain\Parser.hs:44:14-36
src\Domain\Parser.hs:14:28-46
src\Domain\Parser.hs:41:5-31
src\Domain\Printer.hs:23:5-38
src\Domain\Parser.hs:43:16-43
src\Domain\Parser.hs:44:14-36
src\Domain\Parser.hs:14:28-46
src\Domain\Parser.hs:41:5-31
src\Domain\Printer.hs:23:5-38
src\Domain\Parser.hs:43:16-43
src\Domain\Parser.hs:44:14-36
src\Domain\Parser.hs:14:28-46
src\Domain\Parser.hs:41:5-31
src\Domain\Printer.hs:23:5-38
src\Domain\Parser.hs:43:16-43
src\Domain\Parser.hs:44:14-36
src\Domain\Parser.hs:14:28-46
src\Domain\Parser.hs:41:5-31
src\Domain\Printer.hs:23:5-38
src\Domain\Parser.hs:43:16-43
src\Domain\Parser.hs:44:14-36
src\Domain\Parser.hs:14:28-46
src\Domain\Parser.hs:41:5-31
src\Domain\Printer.hs:23:5-38
src\Domain\Parser.hs:43:16-43
src\Domain\Parser.hs:44:14-36
src\Domain\Parser.hs:15:31-52
src\Domain\Parser.hs:49:5-39
src\Domain\Printer.hs:26:5-42
src\Domain\Parser.hs:51:21-53
src\Domain\Parser.hs:52:14-36
src\Domain\Parser.hs:15:31-52
src\Domain\Parser.hs:49:5-39
src\Domain\Printer.hs:26:5-42
src\Domain\Parser.hs:51:21-53
src\Domain\Parser.hs:52:14-36
src\Domain\Parser.hs:15:31-52
src\Domain\Parser.hs:49:5-39
src\Domain\Printer.hs:26:5-42
src\Domain\Parser.hs:51:21-53
src\Domain\Parser.hs:52:14-36
src\Domain\Parser.hs:15:31-52
src\Domain\Parser.hs:49:5-39
src\Domain\Printer.hs:26:5-42
src\Domain\Parser.hs:51:21-53
src\Domain\Parser.hs:52:14-36
src\Domain\Parser.hs:15:31-52
src\Domain\Parser.hs:49:5-39
src\Domain\Printer.hs:26:5-42
src\Domain\Parser.hs:51:21-53
src\Domain\Parser.hs:52:14-36
src\Domain\Parser.hs:15:31-52
src\Domain\Parser.hs:49:5-39
src\Domain\Printer.hs:26:5-42
src\Domain\Parser.hs:51:21-53
src\Domain\Parser.hs:52:14-36
src\Domain\Parser.hs:15:31-52
src\Domain\Parser.hs:49:5-39
src\Domain\Printer.hs:26:5-42
src\Domain\Parser.hs:51:21-53
src\Domain\Parser.hs:52:14-36
src\Domain\Parser.hs:11:27-57
src\Domain\Printer.hs:14:5-42
src\Domain\Parser.hs:(106,5)-(108,140)
src\Domain\Parser.hs:119:22-37
src\Domain\Parser.hs:118:24-51
src\Domain\Parser.hs:107:14-168
src\Domain\ME.hs:(237,5)-(246,43)
src\Domain\Parser.hs:116:17-26
src\Domain\Parser.hs:115:18-45
src\Domain\Parser.hs:107:129-135
src\Domain\ME.hs:242:24-25
src\Domain\Printer.hs:123:5-108
src\Domain\Parser.hs:110:20-47
src\Domain\Parser.hs:111:25-57
src\Domain\Parser.hs:112:17-41
src\Domain\Parser.hs:113:15-42
src\Domain\Parser.hs:114:17-40
src\Domain\Parser.hs:107:91-94
src\Domain\Printer.hs:105:14-19
src\Domain\Printer.hs:114:22
src\Domain\Printer.hs:110:10-35
src\Domain\Parser.hs:117:17-40
src\Domain\Printer.hs:110:31-35
src\Domain\Parser.hs:11:27-57
src\Domain\Printer.hs:14:5-42
src\Domain\Parser.hs:(106,5)-(108,140)
src\Domain\Parser.hs:119:22-37
src\Domain\Parser.hs:118:24-51
src\Domain\Parser.hs:108:14-140
src\Domain\ME.hs:(225,5)-(232,35)
src\Domain\Parser.hs:116:17-26
src\Domain\Parser.hs:115:18-45
src\Domain\Parser.hs:108:127-133
src\Domain\ME.hs:230:24-25
src\Domain\Printer.hs:120:5-102
src\Domain\Parser.hs:110:20-47
src\Domain\Parser.hs:111:25-57
src\Domain\Parser.hs:112:17-41
src\Domain\Parser.hs:113:15-42
src\Domain\Parser.hs:114:17-40
src\Domain\Parser.hs:108:89-92
src\Domain\Printer.hs:110:10-35
src\Domain\Parser.hs:117:17-40
src\Domain\Parser.hs:13:30-55
src\Domain\Parser.hs:124:5-33
src\Domain\Printer.hs:17:5-72
src\Domain\Parser.hs:126:15-41
src\Domain\Parser.hs:128:16-42
src\Domain\Parser.hs:127:17-40
src\Domain\Parser.hs:128:39-42
src\Domain\Parser.hs:11:27-57
src\Domain\Printer.hs:14:5-42
src\Domain\Parser.hs:(106,5)-(108,140)
src\Domain\Parser.hs:119:22-37
src\Domain\Parser.hs:118:24-51
src\Domain\Parser.hs:108:14-140
src\Domain\ME.hs:(225,5)-(232,35)
src\Domain\Parser.hs:116:17-26
src\Domain\Parser.hs:115:18-45
src\Domain\Printer.hs:120:5-102
src\Domain\Parser.hs:110:20-47
src\Domain\Parser.hs:111:25-57
src\Domain\Parser.hs:112:17-41
src\Domain\Parser.hs:113:15-42
src\Domain\Parser.hs:114:17-40
src\Domain\Parser.hs:108:80-82
src\Domain\Printer.hs:106:14-19
src\Domain\Printer.hs:110:10-35
src\Domain\Parser.hs:117:17-40
src\Domain\Parser.hs:11:27-57
src\Domain\Printer.hs:14:5-42
src\Domain\Parser.hs:(106,5)-(108,140)
src\Domain\Parser.hs:119:22-37
src\Domain\Parser.hs:118:24-51
src\Domain\Parser.hs:108:14-140
src\Domain\ME.hs:(225,5)-(232,35)
src\Domain\Parser.hs:116:17-26
src\Domain\Parser.hs:115:18-45
src\Domain\Printer.hs:120:5-102
src\Domain\Parser.hs:110:20-47
src\Domain\Parser.hs:111:25-57
src\Domain\Parser.hs:112:17-41
src\Domain\Parser.hs:113:15-42
src\Domain\Parser.hs:114:17-40
src\Domain\Printer.hs:110:10-35
src\Domain\Parser.hs:117:17-40
src\Domain\Parser.hs:12:31-57
src\Domain\Parser.hs:133:5-27
src\Domain\Printer.hs:20:5-55
src\Domain\Parser.hs:135:18-44
src\Domain\Parser.hs:136:13-39
src\Domain\Parser.hs:(106,5)-(108,140)
src\Domain\Parser.hs:119:22-37
src\Domain\Parser.hs:118:24-51
src\Domain\Parser.hs:108:14-140
src\Domain\ME.hs:(225,5)-(232,35)
src\Domain\Parser.hs:116:17-26
src\Domain\Parser.hs:115:18-45
src\Domain\Printer.hs:120:5-102
src\Domain\Parser.hs:110:20-47
src\Domain\Parser.hs:111:25-57
src\Domain\Parser.hs:112:17-41
src\Domain\Parser.hs:113:15-42
src\Domain\Parser.hs:114:17-40
src\Domain\Printer.hs:110:10-35
src\Domain\Parser.hs:117:17-40
src\Domain\Parser.hs:11:27-57
src\Domain\Printer.hs:14:5-42
src\Domain\Parser.hs:(106,5)-(108,140)
src\Domain\Parser.hs:119:22-37
src\Domain\Parser.hs:118:24-51
src\Domain\Parser.hs:107:14-168
src\Domain\ME.hs:(237,5)-(246,43)
src\Domain\Parser.hs:116:17-26
src\Domain\Parser.hs:115:18-45
src\Domain\Printer.hs:123:5-108
src\Domain\Parser.hs:110:20-47
src\Domain\Parser.hs:111:25-57
src\Domain\Parser.hs:112:17-41
src\Domain\Parser.hs:113:15-42
src\Domain\Parser.hs:114:17-40
src\Domain\Printer.hs:110:10-35
src\Domain\Parser.hs:117:17-40
src\Domain\Parser.hs:11:27-57
src\Domain\Printer.hs:14:5-42
src\Domain\Parser.hs:(106,5)-(108,140)
src\Domain\Parser.hs:119:22-37
src\Domain\Parser.hs:118:24-51
src\Domain\Parser.hs:107:14-168
src\Domain\ME.hs:(237,5)-(246,43)
src\Domain\Parser.hs:116:17-26
src\Domain\Parser.hs:115:18-45
src\Domain\Printer.hs:123:5-108
src\Domain\Parser.hs:110:20-47
src\Domain\Parser.hs:111:25-57
src\Domain\Parser.hs:112:17-41
src\Domain\Parser.hs:113:15-42
src\Domain\Parser.hs:114:17-40
src\Domain\Parser.hs:107:82-84
src\Domain\Printer.hs:110:10-35
src\Domain\Parser.hs:117:17-40
src\Infra\Shahlaa.hs:74:11-29
src\Infra\Shahlaa.hs:46:22-58
src\Infra\Shahlaa.hs:31:17-37
src\Infra\Shahlaa.hs:36:5-36
src\Infra\Shahlaa.hs:36:5-36
src\Infra\Shahlaa.hs:36:5-36
src\Infra\Shahlaa.hs:36:5-36
src\Infra\Shahlaa.hs:36:5-36
src\Infra\Shahlaa.hs:36:5-36
src\Infra\Shahlaa.hs:36:5-36
src\Infra\Shahlaa.hs:36:5-36
src\Infra\Shahlaa.hs:36:5-36
src\Infra\Shahlaa.hs:36:5-36
src\Infra\Shahlaa.hs:36:5-36
src\Infra\Shahlaa.hs:36:5-36
src\Infra\Shahlaa.hs:36:5-36
src\Infra\Shahlaa.hs:36:5-36
src\Infra\Shahlaa.hs:36:5-36
src\Infra\Shahlaa.hs:36:5-36
src\Infra\Shahlaa.hs:36:5-36
src\Infra\Shahlaa.hs:36:5-36
src\Infra\Shahlaa.hs:36:5-36
src\Infra\Shahlaa.hs:36:5-36
src\Infra\Shahlaa.hs:36:5-36
src\Infra\Shahlaa.hs:36:5-36
src\Infra\Shahlaa.hs:36:5-36
src\Infra\Shahlaa.hs:36:5-36
src\Infra\Shahlaa.hs:36:5-36
src\Infra\Shahlaa.hs:36:5-36
src\Infra\Shahlaa.hs:36:5-36
src\Infra\Shahlaa.hs:36:5-36
src\Infra\Shahlaa.hs:36:5-36
src\Infra\Shahlaa.hs:38:17-60
src\Domain\MEService.hs:(89,38)-(90,54)
src\Domain\Printer.hs:82:5-41
src\Infra\Shahlaa.hs:38:17-60
src\Domain\MEService.hs:(92,37)-(93,52)
src\Domain\Printer.hs:85:5-40
src\Infra\Shahlaa.hs:38:17-60
src\Domain\MEService.hs:(74,45)-(75,67)
src\Domain\Printer.hs:67:5-47
src\Infra\Shahlaa.hs:38:17-60
src\Domain\MEService.hs:(80,56)-(81,89)
src\Domain\Printer.hs:73:5-58
src\Infra\Shahlaa.hs:38:17-60
src\Domain\MEService.hs:(83,56)-(84,89)
src\Domain\Printer.hs:76:5-58
src\Infra\Shahlaa.hs:38:17-60
src\Domain\MEService.hs:(77,42)-(78,61)
src\Domain\Printer.hs:70:5-44
src\Infra\Shahlaa.hs:38:17-60
src\Domain\MEService.hs:(86,50)-(87,77)
src\Domain\Printer.hs:79:5-52
src\Infra\Shahlaa.hs:38:17-60
src\Domain\MEService.hs:(68,38)-(69,78)
src\Domain\Printer.hs:61:5-39
src\Infra\Shahlaa.hs:38:17-60
src\Domain\MEService.hs:(68,38)-(69,78)
src\Domain\Printer.hs:61:5-39
src\Infra\Shahlaa.hs:38:17-60
src\Domain\MEService.hs:(68,38)-(69,78)
src\Domain\Printer.hs:61:5-39
src\Infra\Shahlaa.hs:38:17-60
src\Domain\MEService.hs:(68,38)-(69,78)
src\Domain\Printer.hs:61:5-39
src\Infra\Shahlaa.hs:38:17-60
src\Domain\MEService.hs:(68,38)-(69,78)
src\Domain\Printer.hs:61:5-39
src\Infra\Shahlaa.hs:38:17-60
src\Domain\MEService.hs:(68,38)-(69,78)
src\Domain\Printer.hs:61:5-39
src\Infra\Shahlaa.hs:38:17-60
src\Domain\MEService.hs:(68,38)-(69,78)
src\Domain\Printer.hs:61:5-39
src\Infra\Shahlaa.hs:38:17-60
src\Domain\MEService.hs:(71,42)-(72,88)
src\Domain\Printer.hs:64:5-42
src\Infra\Shahlaa.hs:38:17-60
src\Domain\MEService.hs:(71,42)-(72,88)
src\Domain\Printer.hs:64:5-42
src\Infra\Shahlaa.hs:38:17-60
src\Domain\MEService.hs:(71,42)-(72,88)
src\Domain\Printer.hs:64:5-42
src\Infra\Shahlaa.hs:38:17-60
src\Domain\MEService.hs:(71,42)-(72,88)
src\Domain\Printer.hs:64:5-42
src\Infra\Shahlaa.hs:38:17-60
src\Domain\MEService.hs:(71,42)-(72,88)
src\Domain\Printer.hs:64:5-42
src\Infra\Shahlaa.hs:38:17-60
src\Domain\MEService.hs:(71,42)-(72,88)
src\Domain\Printer.hs:64:5-42
src\Infra\Shahlaa.hs:38:17-60
src\Domain\MEService.hs:(71,42)-(72,88)
src\Domain\Printer.hs:64:5-42
src\Infra\Shahlaa.hs:38:17-60
src\Domain\MEService.hs:60:5-24
src\Domain\MEService.hs:(27,5)-(34,15)
src\Decorators\CreditLimit.hs:69:5-48
src\Infra\Decorator.hs:(17,59)-(22,56)
src\Decorators\FillAndKill.hs:15:5-48
src\Infra\Decorator.hs:(17,59)-(22,56)
src\Decorators\MinQuantity.hs:10:5-49
src\Infra\Decorator.hs:(17,59)-(22,56)
src\Decorators\PriceBand.hs:10:5-47
src\Infra\Decorator.hs:(17,59)-(22,56)
src\Decorators\Ownership.hs:12:5-49
src\Infra\Decorator.hs:(17,59)-(22,56)
src\Decorators\OrderHandler.hs:47:5-57
src\Infra\Decorator.hs:(17,59)-(22,56)
src\Decorators\Validation.hs:(13,5)-(17,8)
src\Infra\Decorator.hs:(17,59)-(22,56)
src\Infra\Decorator.hs:(17,59)-(22,56)
src\Infra\Decorator.hs:(17,59)-(22,56)
src\Infra\Decorator.hs:(17,59)-(22,56)
src\Domain\MEService.hs:18:31-72
src\Infra\Coverage.hs:(30,21)-(33,16)
src\Domain\ME.hs:151:7-12
src\Infra\Decorator.hs:20:23-44
src\Decorators\Validation.hs:132:5-31
src\Infra\Coverage.hs:(30,21)-(33,16)
src\Domain\ME.hs:151:7-12
src\Infra\Decorator.hs:20:23-44
src\Decorators\Validation.hs:89:5-35
src\Decorators\Validation.hs:104:9-16
src\Domain\ME.hs:116:7-11
src\Decorators\Validation.hs:112:5-11
src\Decorators\Validation.hs:114:11-27
src\Domain\ME.hs:63:7-17
src\Decorators\Validation.hs:(119,5)-(121,26)
src\Decorators\Validation.hs:124:9-20
src\Domain\ME.hs:62:7-12
src\Decorators\Validation.hs:120:20-23
src\Decorators\Validation.hs:102:19-58
src\Infra\Coverage.hs:(30,21)-(33,16)
src\Domain\ME.hs:151:7-12
src\Infra\Decorator.hs:20:23-44
src\Decorators\Validation.hs:44:5-23
src\Decorators\Validation.hs:62:9-18
src\Decorators\Validation.hs:61:9-16
src\Domain\ME.hs:116:7-11
src\Domain\ME.hs:60:7-14
src\Decorators\Validation.hs:63:11-19
src\Infra\Shahlaa.hs:39:10-27
src\Domain\ME.hs:153:7-11
